2017-05-30 11:11:58,931 [Start Help Server] INFO  org.eclipse.jetty.util.log - Logging initialized @119803ms
2017-05-30 11:11:59,228 [Start Help Server] INFO  org.eclipse.jetty.server.Server - jetty-9.2.13.v20150730
2017-05-30 11:11:59,352 [Start Help Server] INFO  o.e.j.server.handler.ContextHandler - Started o.e.j.s.ServletContextHandler@259418a9{/help,null,AVAILABLE}
2017-05-30 11:11:59,477 [Start Help Server] INFO  o.e.jetty.server.ServerConnector - Started ServerConnector@2211d254{HTTP/1.1}{127.0.0.1:53090}
2017-05-30 11:11:59,477 [Start Help Server] INFO  org.eclipse.jetty.server.Server - Started @120380ms
2017-05-30 11:49:26,268 [Start Help Server] INFO  org.eclipse.jetty.util.log - Logging initialized @80007ms
2017-05-30 11:49:26,736 [Start Help Server] INFO  org.eclipse.jetty.server.Server - jetty-9.2.13.v20150730
2017-05-30 11:49:26,783 [Start Help Server] INFO  o.e.j.server.handler.ContextHandler - Started o.e.j.s.ServletContextHandler@ca1347f{/help,null,AVAILABLE}
2017-05-30 11:49:26,814 [Start Help Server] INFO  o.e.jetty.server.ServerConnector - Started ServerConnector@fea44aa{HTTP/1.1}{127.0.0.1:53854}
2017-05-30 11:49:26,814 [Start Help Server] INFO  org.eclipse.jetty.server.Server - Started @80569ms
2017-05-30 12:02:13,732 [Start Help Server] INFO  org.eclipse.jetty.util.log - Logging initialized @12670ms
2017-05-30 12:02:13,810 [Start Help Server] INFO  org.eclipse.jetty.server.Server - jetty-9.2.13.v20150730
2017-05-30 12:02:13,841 [Start Help Server] INFO  o.e.j.server.handler.ContextHandler - Started o.e.j.s.ServletContextHandler@57785a37{/help,null,AVAILABLE}
2017-05-30 12:02:13,857 [Start Help Server] INFO  o.e.jetty.server.ServerConnector - Started ServerConnector@3702489b{HTTP/1.1}{127.0.0.1:54042}
2017-05-30 12:02:13,857 [Start Help Server] INFO  org.eclipse.jetty.server.Server - Started @12810ms
2017-05-30 15:27:08,966 [Worker-134] ERROR o.e.m.i.l.MavenConsoleLineTracker - Launch configuration JAXB Run Config at file:/C:/Repo/ACE2/.metadata/.plugins/org.eclipse.debug.core/.launches/JAXB%20Run%20Config.launch does not exist.
org.eclipse.debug.core.DebugException: Launch configuration JAXB Run Config at file:/C:/Repo/ACE2/.metadata/.plugins/org.eclipse.debug.core/.launches/JAXB%20Run%20Config.launch does not exist.
	at org.eclipse.debug.internal.core.LaunchManager.createDebugException(LaunchManager.java:930) ~[org.eclipse.debug.core_3.10.0.v20150303-1130.jar:na]
	at org.eclipse.debug.internal.core.LaunchManager.getInfo(LaunchManager.java:1400) ~[org.eclipse.debug.core_3.10.0.v20150303-1130.jar:na]
	at org.eclipse.debug.internal.core.LaunchConfiguration.getInfo(LaunchConfiguration.java:470) ~[org.eclipse.debug.core_3.10.0.v20150303-1130.jar:na]
	at org.eclipse.debug.internal.core.LaunchConfiguration.getType(LaunchConfiguration.java:640) ~[org.eclipse.debug.core_3.10.0.v20150303-1130.jar:na]
	at org.eclipse.m2e.internal.launch.MavenConsoleLineTracker.isMavenProcess(MavenConsoleLineTracker.java:142) [org.eclipse.m2e.launching_1.6.2.20150902-0002.jar:na]
	at org.eclipse.m2e.internal.launch.MavenConsoleLineTracker.lineAppended(MavenConsoleLineTracker.java:85) [org.eclipse.m2e.launching_1.6.2.20150902-0002.jar:na]
	at org.eclipse.debug.internal.ui.views.console.ConsoleLineNotifier.lineAppended(ConsoleLineNotifier.java:130) [org.eclipse.debug.ui_3.11.101.v20160203-1230.jar:na]
	at org.eclipse.debug.internal.ui.views.console.ConsoleLineNotifier.matchFound(ConsoleLineNotifier.java:122) [org.eclipse.debug.ui_3.11.101.v20160203-1230.jar:na]
	at org.eclipse.ui.internal.console.ConsolePatternMatcher$MatchJob.run(ConsolePatternMatcher.java:137) [org.eclipse.ui.console_3.6.100.v20150822-1912.jar:na]
	at org.eclipse.core.internal.jobs.Worker.run(Worker.java:55) [org.eclipse.core.jobs_3.7.0.v20150330-2103.jar:na]
2017-06-04 20:29:51,046 [Start Help Server] INFO  org.eclipse.jetty.util.log - Logging initialized @143195ms
2017-06-04 20:29:53,142 [Start Help Server] INFO  org.eclipse.jetty.server.Server - jetty-9.2.13.v20150730
2017-06-04 20:29:53,440 [Start Help Server] INFO  o.e.j.server.handler.ContextHandler - Started o.e.j.s.ServletContextHandler@770ecb54{/help,null,AVAILABLE}
2017-06-04 20:29:53,568 [Start Help Server] INFO  o.e.jetty.server.ServerConnector - Started ServerConnector@7a1087fb{HTTP/1.1}{127.0.0.1:54057}
2017-06-04 20:29:53,568 [Start Help Server] INFO  org.eclipse.jetty.server.Server - Started @145733ms
2017-06-06 15:13:53,568 [Stop Help Server] INFO  o.e.jetty.server.ServerConnector - Stopped ServerConnector@7a1087fb{HTTP/1.1}{127.0.0.1:0}
2017-06-06 15:13:53,638 [Stop Help Server] INFO  o.e.j.server.handler.ContextHandler - Stopped o.e.j.s.ServletContextHandler@770ecb54{/help,null,UNAVAILABLE}
2017-06-22 16:13:28,398 [Start Help Server] INFO  org.eclipse.jetty.util.log - Logging initialized @106744ms
2017-06-22 16:13:28,918 [Start Help Server] INFO  org.eclipse.jetty.server.Server - jetty-9.2.13.v20150730
2017-06-22 16:13:28,998 [Start Help Server] INFO  o.e.j.server.handler.ContextHandler - Started o.e.j.s.ServletContextHandler@3e392b55{/help,null,AVAILABLE}
2017-06-22 16:13:29,221 [Start Help Server] INFO  o.e.jetty.server.ServerConnector - Started ServerConnector@6a220d99{HTTP/1.1}{127.0.0.1:51218}
2017-06-22 16:13:29,221 [Start Help Server] INFO  org.eclipse.jetty.server.Server - Started @107590ms
2017-06-23 11:53:24,404 [Start Help Server] INFO  org.eclipse.jetty.util.log - Logging initialized @92031ms
2017-06-23 11:53:25,028 [Start Help Server] INFO  org.eclipse.jetty.server.Server - jetty-9.2.13.v20150730
2017-06-23 11:53:25,153 [Start Help Server] INFO  o.e.j.server.handler.ContextHandler - Started o.e.j.s.ServletContextHandler@e02f4c9{/help,null,AVAILABLE}
2017-06-23 11:53:25,278 [Start Help Server] INFO  o.e.jetty.server.ServerConnector - Started ServerConnector@107d3715{HTTP/1.1}{127.0.0.1:51846}
2017-06-23 11:53:25,278 [Start Help Server] INFO  org.eclipse.jetty.server.Server - Started @92915ms
2017-07-06 14:49:58,769 [Stop Help Server] INFO  o.e.jetty.server.ServerConnector - Stopped ServerConnector@107d3715{HTTP/1.1}{127.0.0.1:0}
2017-07-06 14:49:59,715 [Stop Help Server] INFO  o.e.j.server.handler.ContextHandler - Stopped o.e.j.s.ServletContextHandler@e02f4c9{/help,null,UNAVAILABLE}
2017-07-07 14:36:08,329 [Start Help Server] INFO  org.eclipse.jetty.util.log - Logging initialized @186995ms
2017-07-07 14:36:09,338 [Start Help Server] INFO  org.eclipse.jetty.server.Server - jetty-9.2.13.v20150730
2017-07-07 14:36:09,698 [Start Help Server] INFO  o.e.j.server.handler.ContextHandler - Started o.e.j.s.ServletContextHandler@5ca71645{/help,null,AVAILABLE}
2017-07-07 14:36:10,057 [Start Help Server] INFO  o.e.jetty.server.ServerConnector - Started ServerConnector@5f70bc8e{HTTP/1.1}{127.0.0.1:58307}
2017-07-07 14:36:10,058 [Start Help Server] INFO  org.eclipse.jetty.server.Server - Started @188754ms
2017-07-07 14:47:20,511 [Stop Help Server] INFO  o.e.jetty.server.ServerConnector - Stopped ServerConnector@5f70bc8e{HTTP/1.1}{127.0.0.1:0}
2017-07-07 14:47:20,542 [Stop Help Server] INFO  o.e.j.server.handler.ContextHandler - Stopped o.e.j.s.ServletContextHandler@5ca71645{/help,null,UNAVAILABLE}
